# JRE version: OpenJDK Runtime Environment Temurin-21.0.9+10 (21.0.9+10) (build 21.0.9+10-LTS)
# Java VM: OpenJDK 64-Bit Server VM Temurin-21.0.9+10 (21.0.9+10-LTS, mixed mode, sharing, tiered, compressed oops, compressed class ptrs, parallel gc, windows-amd64)
GC Precious Log:
 CardTable entry size: 512
 CPUs: 8 total, 8 available
 Memory: 16267M
 Large Page Support: Disabled
 NUMA Support: Disabled
 Compressed Oops: Enabled (32-bit)
 Alignments: Space 512K, Generation 512K, Heap 2M
 Heap Min Capacity: 100M
 Heap Initial Capacity: 100M
 Heap Max Capacity: 2G
 Pre-touch: Disabled
 Parallel Workers: 8
Heap:
 PSYoungGen      total 9216K, used 819K [0x00000000d5580000, 0x00000000d6200000, 0x0000000100000000)
  eden space 8704K, 3% used [0x00000000d5580000,0x00000000d55d6688,0x00000000d5e00000)
  from space 512K, 92% used [0x00000000d6180000,0x00000000d61f6920,0x00000000d6200000)
  to   space 1536K, 0% used [0x00000000d5f00000,0x00000000d5f00000,0x00000000d6080000)
 ParOldGen       total 300032K, used 299560K [0x0000000080000000, 0x0000000092500000, 0x00000000d5580000)
  object space 300032K, 99% used [0x0000000080000000,0x000000009248a040,0x0000000092500000)
 Metaspace       used 98259K, committed 100224K, reserved 1179648K
  class space    used 9931K, committed 10816K, reserved 1048576K
GC Heap History (20 events):
Event: 1158.512 GC heap before
{Heap before GC invocations=5448 (full 11):
 PSYoungGen      total 9216K, used 8928K [0x00000000d5580000, 0x00000000d6280000, 0x0000000100000000)
  eden space 6144K, 100% used [0x00000000d5580000,0x00000000d5b80000,0x00000000d5b80000)
  from space 3072K, 90% used [0x00000000d5f80000,0x00000000d6238000,0x00000000d6280000)
  to   space 3584K, 0% used [0x00000000d5b80000,0x00000000d5b80000,0x00000000d5f00000)
 ParOldGen       total 291840K, used 290451K [0x0000000080000000, 0x0000000091d00000, 0x00000000d5580000)
  object space 291840K, 99% used [0x0000000080000000,0x0000000091ba4e20,0x0000000091d00000)
 Metaspace       used 98241K, committed 100224K, reserved 1179648K
  class space    used 9931K, committed 10816K, reserved 1048576K
}
Event: 1158.516 GC heap after
{Heap after GC invocations=5448 (full 11):
 PSYoungGen      total 9728K, used 2436K [0x00000000d5580000, 0x00000000d6300000, 0x0000000100000000)
  eden space 6144K, 0% used [0x00000000d5580000,0x00000000d5580000,0x00000000d5b80000)
  from space 3584K, 67% used [0x00000000d5b80000,0x00000000d5de1200,0x00000000d5f00000)
  to   space 3072K, 0% used [0x00000000d6000000,0x00000000d6000000,0x00000000d6300000)
 ParOldGen       total 293376K, used 293131K [0x0000000080000000, 0x0000000091e80000, 0x00000000d5580000)
  object space 293376K, 99% used [0x0000000080000000,0x0000000091e42e20,0x0000000091e80000)
 Metaspace       used 98241K, committed 100224K, reserved 1179648K
  class space    used 9931K, committed 10816K, reserved 1048576K
}
Event: 1158.545 GC heap before
{Heap before GC invocations=5449 (full 11):
 PSYoungGen      total 9728K, used 8580K [0x00000000d5580000, 0x00000000d6300000, 0x0000000100000000)
  eden space 6144K, 99% used [0x00000000d5580000,0x00000000d5b7ffd8,0x00000000d5b80000)
  from space 3584K, 67% used [0x00000000d5b80000,0x00000000d5de1200,0x00000000d5f00000)
  to   space 3072K, 0% used [0x00000000d6000000,0x00000000d6000000,0x00000000d6300000)
 ParOldGen       total 293376K, used 293131K [0x0000000080000000, 0x0000000091e80000, 0x00000000d5580000)
  object space 293376K, 99% used [0x0000000080000000,0x0000000091e42e20,0x0000000091e80000)
 Metaspace       used 98241K, committed 100224K, reserved 1179648K
  class space    used 9931K, committed 10816K, reserved 1048576K
}
Event: 1158.549 GC heap after
{Heap after GC invocations=5449 (full 11):
 PSYoungGen      total 8704K, used 736K [0x00000000d5580000, 0x00000000d6100000, 0x0000000100000000)
  eden space 7680K, 0% used [0x00000000d5580000,0x00000000d5580000,0x00000000d5d00000)
  from space 1024K, 71% used [0x00000000d6000000,0x00000000d60b8000,0x00000000d6100000)
  to   space 1536K, 0% used [0x00000000d5e00000,0x00000000d5e00000,0x00000000d5f80000)
 ParOldGen       total 295424K, used 295339K [0x0000000080000000, 0x0000000092080000, 0x00000000d5580000)
  object space 295424K, 99% used [0x0000000080000000,0x000000009206ae20,0x0000000092080000)
 Metaspace       used 98241K, committed 100224K, reserved 1179648K
  class space    used 9931K, committed 10816K, reserved 1048576K
}
Event: 1159.242 GC heap before
{Heap before GC invocations=5450 (full 11):
 PSYoungGen      total 8704K, used 8415K [0x00000000d5580000, 0x00000000d6100000, 0x0000000100000000)
  eden space 7680K, 99% used [0x00000000d5580000,0x00000000d5cfff88,0x00000000d5d00000)
  from space 1024K, 71% used [0x00000000d6000000,0x00000000d60b8000,0x00000000d6100000)
  to   space 1536K, 0% used [0x00000000d5e00000,0x00000000d5e00000,0x00000000d5f80000)
 ParOldGen       total 295424K, used 295339K [0x0000000080000000, 0x0000000092080000, 0x00000000d5580000)
  object space 295424K, 99% used [0x0000000080000000,0x000000009206ae20,0x0000000092080000)
 Metaspace       used 98241K, committed 100224K, reserved 1179648K
  class space    used 9931K, committed 10816K, reserved 1048576K
}
Event: 1159.247 GC heap after
{Heap after GC invocations=5450 (full 11):
 PSYoungGen      total 10240K, used 1510K [0x00000000d5580000, 0x00000000d6480000, 0x0000000100000000)
  eden space 8704K, 0% used [0x00000000d5580000,0x00000000d5580000,0x00000000d5e00000)
  from space 1536K, 98% used [0x00000000d5e00000,0x00000000d5f79910,0x00000000d5f80000)
  to   space 3072K, 0% used [0x00000000d6180000,0x00000000d6180000,0x00000000d6480000)
 ParOldGen       total 296448K, used 296395K [0x0000000080000000, 0x0000000092180000, 0x00000000d5580000)
  object space 296448K, 99% used [0x0000000080000000,0x0000000092172e20,0x0000000092180000)
 Metaspace       used 98241K, committed 100224K, reserved 1179648K
  class space    used 9931K, committed 10816K, reserved 1048576K
}
Event: 1374.420 GC heap before
{Heap before GC invocations=5451 (full 11):
 PSYoungGen      total 10240K, used 10214K [0x00000000d5580000, 0x00000000d6480000, 0x0000000100000000)
  eden space 8704K, 99% used [0x00000000d5580000,0x00000000d5dffff8,0x00000000d5e00000)
  from space 1536K, 98% used [0x00000000d5e00000,0x00000000d5f79910,0x00000000d5f80000)
  to   space 3072K, 0% used [0x00000000d6180000,0x00000000d6180000,0x00000000d6480000)
 ParOldGen       total 296448K, used 296395K [0x0000000080000000, 0x0000000092180000, 0x00000000d5580000)
  object space 296448K, 99% used [0x0000000080000000,0x0000000092172e20,0x0000000092180000)
 Metaspace       used 98246K, committed 100224K, reserved 1179648K
  class space    used 9931K, committed 10816K, reserved 1048576K
}
Event: 1374.423 GC heap after
{Heap after GC invocations=5451 (full 11):
 PSYoungGen      total 9216K, used 224K [0x00000000d5580000, 0x00000000d6200000, 0x0000000100000000)
  eden space 8704K, 0% used [0x00000000d5580000,0x00000000d5580000,0x00000000d5e00000)
  from space 512K, 43% used [0x00000000d6180000,0x00000000d61b8000,0x00000000d6200000)
  to   space 1536K, 0% used [0x00000000d5f00000,0x00000000d5f00000,0x00000000d6080000)
 ParOldGen       total 296960K, used 296475K [0x0000000080000000, 0x0000000092200000, 0x00000000d5580000)
  object space 296960K, 99% used [0x0000000080000000,0x0000000092186e20,0x0000000092200000)
 Metaspace       used 98246K, committed 100224K, reserved 1179648K
  class space    used 9931K, committed 10816K, reserved 1048576K
}
Event: 3126.835 GC heap before
{Heap before GC invocations=5452 (full 11):
 PSYoungGen      total 9216K, used 8928K [0x00000000d5580000, 0x00000000d6200000, 0x0000000100000000)
  eden space 8704K, 100% used [0x00000000d5580000,0x00000000d5e00000,0x00000000d5e00000)
  from space 512K, 43% used [0x00000000d6180000,0x00000000d61b8000,0x00000000d6200000)
  to   space 1536K, 0% used [0x00000000d5f00000,0x00000000d5f00000,0x00000000d6080000)
 ParOldGen       total 296960K, used 296475K [0x0000000080000000, 0x0000000092200000, 0x00000000d5580000)
  object space 296960K, 99% used [0x0000000080000000,0x0000000092186e20,0x0000000092200000)
 Metaspace       used 98248K, committed 100224K, reserved 1179648K
  class space    used 9931K, committed 10816K, reserved 1048576K
}
Event: 3126.837 GC heap after
{Heap after GC invocations=5452 (full 11):
 PSYoungGen      total 10240K, used 1254K [0x00000000d5580000, 0x00000000d6200000, 0x0000000100000000)
  eden space 8704K, 0% used [0x00000000d5580000,0x00000000d5580000,0x00000000d5e00000)
  from space 1536K, 81% used [0x00000000d5f00000,0x00000000d6039930,0x00000000d6080000)
  to   space 1536K, 0% used [0x00000000d6080000,0x00000000d6080000,0x00000000d6200000)
 ParOldGen       total 296960K, used 296523K [0x0000000080000000, 0x0000000092200000, 0x00000000d5580000)
  object space 296960K, 99% used [0x0000000080000000,0x0000000092192e20,0x0000000092200000)
 Metaspace       used 98248K, committed 100224K, reserved 1179648K
  class space    used 9931K, committed 10816K, reserved 1048576K
}
Event: 3126.852 GC heap before
{Heap before GC invocations=5453 (full 11):
 PSYoungGen      total 10240K, used 9958K [0x00000000d5580000, 0x00000000d6200000, 0x0000000100000000)
  eden space 8704K, 99% used [0x00000000d5580000,0x00000000d5dfffd8,0x00000000d5e00000)
  from space 1536K, 81% used [0x00000000d5f00000,0x00000000d6039930,0x00000000d6080000)
  to   space 1536K, 0% used [0x00000000d6080000,0x00000000d6080000,0x00000000d6200000)
 ParOldGen       total 296960K, used 296523K [0x0000000080000000, 0x0000000092200000, 0x00000000d5580000)
  object space 296960K, 99% used [0x0000000080000000,0x0000000092192e20,0x0000000092200000)
 Metaspace       used 98254K, committed 100224K, reserved 1179648K
  class space    used 9931K, committed 10816K, reserved 1048576K
}
Event: 3126.853 GC heap after
{Heap after GC invocations=5453 (full 11):
 PSYoungGen      total 9216K, used 448K [0x00000000d5580000, 0x00000000d6100000, 0x0000000100000000)
  eden space 8704K, 0% used [0x00000000d5580000,0x00000000d5580000,0x00000000d5e00000)
  from space 512K, 87% used [0x00000000d6080000,0x00000000d60f0108,0x00000000d6100000)
  to   space 1024K, 0% used [0x00000000d5f00000,0x00000000d5f00000,0x00000000d6000000)
 ParOldGen       total 296960K, used 296715K [0x0000000080000000, 0x0000000092200000, 0x00000000d5580000)
  object space 296960K, 99% used [0x0000000080000000,0x00000000921c2e40,0x0000000092200000)
 Metaspace       used 98254K, committed 100224K, reserved 1179648K
  class space    used 9931K, committed 10816K, reserved 1048576K
}
Event: 3126.863 GC heap before
{Heap before GC invocations=5454 (full 11):
 PSYoungGen      total 9216K, used 9152K [0x00000000d5580000, 0x00000000d6100000, 0x0000000100000000)
  eden space 8704K, 100% used [0x00000000d5580000,0x00000000d5e00000,0x00000000d5e00000)
  from space 512K, 87% used [0x00000000d6080000,0x00000000d60f0108,0x00000000d6100000)
  to   space 1024K, 0% used [0x00000000d5f00000,0x00000000d5f00000,0x00000000d6000000)
 ParOldGen       total 296960K, used 296715K [0x0000000080000000, 0x0000000092200000, 0x00000000d5580000)
  object space 296960K, 99% used [0x0000000080000000,0x00000000921c2e40,0x0000000092200000)
 Metaspace       used 98254K, committed 100224K, reserved 1179648K
  class space    used 9931K, committed 10816K, reserved 1048576K
}
Event: 3126.865 GC heap after
{Heap after GC invocations=5454 (full 11):
 PSYoungGen      total 9728K, used 1004K [0x00000000d5580000, 0x00000000d6400000, 0x0000000100000000)
  eden space 8704K, 0% used [0x00000000d5580000,0x00000000d5580000,0x00000000d5e00000)
  from space 1024K, 98% used [0x00000000d5f00000,0x00000000d5ffb010,0x00000000d6000000)
  to   space 3072K, 0% used [0x00000000d6100000,0x00000000d6100000,0x00000000d6400000)
 ParOldGen       total 298496K, used 297992K [0x0000000080000000, 0x0000000092380000, 0x00000000d5580000)
  object space 298496K, 99% used [0x0000000080000000,0x0000000092302040,0x0000000092380000)
 Metaspace       used 98254K, committed 100224K, reserved 1179648K
  class space    used 9931K, committed 10816K, reserved 1048576K
}
Event: 3183.474 GC heap before
{Heap before GC invocations=5455 (full 11):
 PSYoungGen      total 9728K, used 9708K [0x00000000d5580000, 0x00000000d6400000, 0x0000000100000000)
  eden space 8704K, 100% used [0x00000000d5580000,0x00000000d5e00000,0x00000000d5e00000)
  from space 1024K, 98% used [0x00000000d5f00000,0x00000000d5ffb010,0x00000000d6000000)
  to   space 3072K, 0% used [0x00000000d6100000,0x00000000d6100000,0x00000000d6400000)
 ParOldGen       total 298496K, used 297992K [0x0000000080000000, 0x0000000092380000, 0x00000000d5580000)
  object space 298496K, 99% used [0x0000000080000000,0x0000000092302040,0x0000000092380000)
 Metaspace       used 98254K, committed 100224K, reserved 1179648K
  class space    used 9931K, committed 10816K, reserved 1048576K
}
Event: 3183.476 GC heap after
{Heap after GC invocations=5455 (full 11):
 PSYoungGen      total 9216K, used 346K [0x00000000d5580000, 0x00000000d6180000, 0x0000000100000000)
  eden space 8704K, 0% used [0x00000000d5580000,0x00000000d5580000,0x00000000d5e00000)
  from space 512K, 67% used [0x00000000d6100000,0x00000000d6156900,0x00000000d6180000)
  to   space 1536K, 0% used [0x00000000d5e80000,0x00000000d5e80000,0x00000000d6000000)
 ParOldGen       total 298496K, used 298256K [0x0000000080000000, 0x0000000092380000, 0x00000000d5580000)
  object space 298496K, 99% used [0x0000000080000000,0x0000000092344040,0x0000000092380000)
 Metaspace       used 98254K, committed 100224K, reserved 1179648K
  class space    used 9931K, committed 10816K, reserved 1048576K
}
Event: 3183.494 GC heap before
{Heap before GC invocations=5456 (full 11):
 PSYoungGen      total 9216K, used 9050K [0x00000000d5580000, 0x00000000d6180000, 0x0000000100000000)
  eden space 8704K, 100% used [0x00000000d5580000,0x00000000d5e00000,0x00000000d5e00000)
  from space 512K, 67% used [0x00000000d6100000,0x00000000d6156900,0x00000000d6180000)
  to   space 1536K, 0% used [0x00000000d5e80000,0x00000000d5e80000,0x00000000d6000000)
 ParOldGen       total 298496K, used 298256K [0x0000000080000000, 0x0000000092380000, 0x00000000d5580000)
  object space 298496K, 99% used [0x0000000080000000,0x0000000092344040,0x0000000092380000)
 Metaspace       used 98258K, committed 100224K, reserved 1179648K
  class space    used 9931K, committed 10816K, reserved 1048576K
}
Event: 3183.496 GC heap after
{Heap after GC invocations=5456 (full 11):
 PSYoungGen      total 10240K, used 1510K [0x00000000d5580000, 0x00000000d6500000, 0x0000000100000000)
  eden space 8704K, 0% used [0x00000000d5580000,0x00000000d5580000,0x00000000d5e00000)
  from space 1536K, 98% used [0x00000000d5e80000,0x00000000d5ff9910,0x00000000d6000000)
  to   space 3584K, 0% used [0x00000000d6180000,0x00000000d6180000,0x00000000d6500000)
 ParOldGen       total 299520K, used 299504K [0x0000000080000000, 0x0000000092480000, 0x00000000d5580000)
  object space 299520K, 99% used [0x0000000080000000,0x000000009247c040,0x0000000092480000)
 Metaspace       used 98258K, committed 100224K, reserved 1179648K
  class space    used 9931K, committed 10816K, reserved 1048576K
}
Event: 3313.215 GC heap before
{Heap before GC invocations=5457 (full 11):
 PSYoungGen      total 10240K, used 10214K [0x00000000d5580000, 0x00000000d6500000, 0x0000000100000000)
  eden space 8704K, 100% used [0x00000000d5580000,0x00000000d5e00000,0x00000000d5e00000)
  from space 1536K, 98% used [0x00000000d5e80000,0x00000000d5ff9910,0x00000000d6000000)
  to   space 3584K, 0% used [0x00000000d6180000,0x00000000d6180000,0x00000000d6500000)
 ParOldGen       total 299520K, used 299504K [0x0000000080000000, 0x0000000092480000, 0x00000000d5580000)
  object space 299520K, 99% used [0x0000000080000000,0x000000009247c040,0x0000000092480000)
 Metaspace       used 98259K, committed 100224K, reserved 1179648K
  class space    used 9931K, committed 10816K, reserved 1048576K
}
Event: 3313.218 GC heap after
{Heap after GC invocations=5457 (full 11):
 PSYoungGen      total 9216K, used 474K [0x00000000d5580000, 0x00000000d6200000, 0x0000000100000000)
  eden space 8704K, 0% used [0x00000000d5580000,0x00000000d5580000,0x00000000d5e00000)
  from space 512K, 92% used [0x00000000d6180000,0x00000000d61f6920,0x00000000d6200000)
  to   space 1536K, 0% used [0x00000000d5f00000,0x00000000d5f00000,0x00000000d6080000)
 ParOldGen       total 300032K, used 299560K [0x0000000080000000, 0x0000000092500000, 0x00000000d5580000)
  object space 300032K, 99% used [0x0000000080000000,0x000000009248a040,0x0000000092500000)
 Metaspace       used 98259K, committed 100224K, reserved 1179648K
  class space    used 9931K, committed 10816K, reserved 1048576K
}

